<?xml version="1.0" encoding="UTF-8"?>
<testsuite xmlns:xsi="http://www.w3.org/2001/XMLSchema-instance" xsi:noNamespaceSchemaLocation="https://maven.apache.org/surefire/maven-surefire-plugin/xsd/surefire-test-report.xsd" name="com.mastek.amyfarm2home.Amyfarm2homeApplicationTests" time="5.586" tests="2" errors="0" skipped="0" failures="0">
  <properties>
[...]
</properties>
  <testcase name="testAddCustomer" classname="com.mastek.amyfarm2home.Amyfarm2homeApplicationTests" time="0.172"/>
  <testcase name="contextLoads" classname="com.mastek.amyfarm2home.Amyfarm2homeApplicationTests" time="0.003"/>
</testsuite>